<?xml version="1.0" encoding="UTF-8"?>
<!-- Generated by org.testng.reporters.JUnitXMLReporter -->
<testsuite ignored="0" hostname="EN911279" failures="1" tests="18" name="Command line test" time="8.771" errors="0" timestamp="2022-02-27T23:31:29 COT">
  <testcase classname="Cases.TestCases" name="TokenAndSession" time="3.615"/>
  <testcase classname="Cases.TestCases" name="CreateList" time="0.647"/>
  <testcase classname="Cases.TestCases" name="CreateList" time="0.264"/>
  <testcase classname="Cases.TestCases" name="CreateList" time="0.346"/>
  <testcase classname="Cases.TestCases" name="AddMovieToList" time="0.203"/>
  <testcase classname="Cases.TestCases" name="AddMovieToList" time="0.279"/>
  <testcase classname="Cases.TestCases" name="AddMovieToList" time="0.221"/>
  <testcase classname="Cases.TestCases" name="AddMovieToList" time="0.379"/>
  <testcase classname="Cases.TestCases" name="AddMovieToList" time="0.184"/>
  <testcase classname="Cases.TestCases" name="AddMovieToList" time="0.185"/>
  <testcase classname="Cases.TestCases" name="AddMovieToList" time="0.305"/>
  <testcase classname="Cases.TestCases" name="AddMovieToList" time="0.413"/>
  <testcase classname="Cases.TestCases" name="AddMovieToList" time="0.216"/>
  <testcase classname="Cases.TestCases" name="ClearList" time="0.284"/>
  <testcase classname="Cases.TestCases" name="DeleteList" time="0.251">
    <failure type="java.lang.AssertionError" message="1 expectation failed.
Expected status code &amp;lt;201&amp;gt; but was &amp;lt;500&amp;gt;.
">
      <![CDATA[java.lang.AssertionError: 1 expectation failed.
Expected status code <201> but was <500>.

at org.codehaus.groovy.runtime.callsite.ConstructorSite$ConstructorSiteNoUnwrapNoCoerce.callConstructor(ConstructorSite.java:105)
at org.codehaus.groovy.runtime.callsite.CallSiteArray.defaultCallConstructor(CallSiteArray.java:59)
at org.codehaus.groovy.runtime.callsite.AbstractCallSite.callConstructor(AbstractCallSite.java:263)
at org.codehaus.groovy.runtime.callsite.AbstractCallSite.callConstructor(AbstractCallSite.java:277)
at io.restassured.internal.ResponseSpecificationImpl$HamcrestAssertionClosure.validate(ResponseSpecificationImpl.groovy:499)
at io.restassured.internal.ResponseSpecificationImpl$HamcrestAssertionClosure$validate$1.call(Unknown Source)
at io.restassured.internal.ResponseSpecificationImpl.validateResponseIfRequired(ResponseSpecificationImpl.groovy:684)
at org.codehaus.groovy.runtime.callsite.PlainObjectMetaMethodSite.doInvoke(PlainObjectMetaMethodSite.java:43)
at org.codehaus.groovy.runtime.callsite.PogoMetaMethodSite$PogoCachedMethodSiteNoUnwrapNoCoerce.invoke(PogoMetaMethodSite.java:193)
at org.codehaus.groovy.runtime.callsite.PogoMetaMethodSite.callCurrent(PogoMetaMethodSite.java:61)
at org.codehaus.groovy.runtime.callsite.AbstractCallSite.callCurrent(AbstractCallSite.java:185)
at io.restassured.internal.ResponseSpecificationImpl.statusCode(ResponseSpecificationImpl.groovy:127)
at io.restassured.specification.ResponseSpecification$statusCode$0.callCurrent(Unknown Source)
at io.restassured.internal.ResponseSpecificationImpl.statusCode(ResponseSpecificationImpl.groovy:135)
at io.restassured.internal.ValidatableResponseOptionsImpl.statusCode(ValidatableResponseOptionsImpl.java:89)
at io.restassured.internal.ValidatableResponseImpl.super$2$statusCode(ValidatableResponseImpl.groovy)
at groovy.lang.MetaMethod.doMethodInvoke(MetaMethod.java:323)
at groovy.lang.MetaClassImpl.invokeMethod(MetaClassImpl.java:1268)
at org.codehaus.groovy.runtime.ScriptBytecodeAdapter.invokeMethodOnSuperN(ScriptBytecodeAdapter.java:144)
at io.restassured.internal.ValidatableResponseImpl.statusCode(ValidatableResponseImpl.groovy:142)
at io.restassured.internal.ValidatableResponseImpl.statusCode(ValidatableResponseImpl.groovy)
at Cases.TestCases.DeleteList(TestCases.java:126)
at java.base/java.util.ArrayList.forEach(ArrayList.java:1511)
... Removed 49 stack frames]]>
    </failure>
  </testcase> <!-- DeleteList -->
  <testcase classname="Cases.TestCases" name="SearchBy" time="0.191"/>
  <testcase classname="Cases.TestCases" name="SearchBy" time="0.384"/>
  <testcase classname="Cases.TestCases" name="SearchBy" time="0.346"/>
</testsuite> <!-- Command line test -->
